<?xml version="1.0" encoding="UTF-8"?>
<!-- Generated by org.testng.reporters.JUnitXMLReporter -->
<testsuite hostname="KISHAN" ignored="1" name="week-15-project-2-orangehrmlive-kishan" tests="1" failures="0" timestamp="2022-12-12T11:35:11 GMT" time="5.418" errors="0">
  <testcase name="userShouldNavigateToForgotPasswordPageSuccessfully" time="0.778" classname="com.orangehrmlive.sw.testsuite.LoginPageTest"/>
  <testcase name="userSholdLoginSuccessfullyWithValidCredentials" time="0.0" classname="com.orangehrmlive.sw.testsuite.LoginPageTest">
    <ignored/>
  </testcase> <!-- userSholdLoginSuccessfullyWithValidCredentials -->
</testsuite> <!-- week-15-project-2-orangehrmlive-kishan -->
