<?xml version="1.0" encoding="UTF-8"?>
<testng-results skipped="0" failed="0" ignored="1" total="2" passed="1">
  <reporter-output>
    <line>
      <![CDATA[Enter forgot password[[ChromeDriver: chrome on WINDOWS (b774e062a07d091b49be605057803e07)] -> xpath: //body/div[@id='app']/div[1]/div[1]/div[1]/div[1]/div[2]/div[2]/form[1]/div[4]/p[1]]]]>
    </line>
  </reporter-output>
  <suite name="Default Suite" duration-ms="5418" started-at="2022-12-12T11:35:06 GMT" finished-at="2022-12-12T11:35:11 GMT">
    <groups>
      <group name="regression">
        <method signature="LoginPageTest.userShouldNavigateToForgotPasswordPageSuccessfully()[pri:0, instance:com.orangehrmlive.sw.testsuite.LoginPageTest@11438d26]" name="userShouldNavigateToForgotPasswordPageSuccessfully" class="com.orangehrmlive.sw.testsuite.LoginPageTest"/>
      </group> <!-- regression -->
      <group name="smoke">
        <method signature="LoginPageTest.userShouldNavigateToForgotPasswordPageSuccessfully()[pri:0, instance:com.orangehrmlive.sw.testsuite.LoginPageTest@11438d26]" name="userShouldNavigateToForgotPasswordPageSuccessfully" class="com.orangehrmlive.sw.testsuite.LoginPageTest"/>
      </group> <!-- smoke -->
    </groups>
    <test name="week-15-project-2-orangehrmlive-kishan" duration-ms="5418" started-at="2022-12-12T11:35:06 GMT" finished-at="2022-12-12T11:35:11 GMT">
      <class name="com.orangehrmlive.sw.testsuite.LoginPageTest">
        <test-method status="PASS" signature="setUp()[pri:0, instance:com.orangehrmlive.sw.testsuite.LoginPageTest@11438d26]" name="setUp" is-config="true" duration-ms="3619" started-at="2022-12-12T11:35:06 GMT" finished-at="2022-12-12T11:35:09 GMT">
          <reporter-output>
          </reporter-output>
        </test-method> <!-- setUp -->
        <test-method status="PASS" signature="inIt()[pri:0, instance:com.orangehrmlive.sw.testsuite.LoginPageTest@11438d26]" name="inIt" is-config="true" duration-ms="16" started-at="2022-12-12T11:35:09 GMT" finished-at="2022-12-12T11:35:09 GMT">
          <reporter-output>
          </reporter-output>
        </test-method> <!-- inIt -->
        <test-method status="PASS" signature="userShouldNavigateToForgotPasswordPageSuccessfully()[pri:0, instance:com.orangehrmlive.sw.testsuite.LoginPageTest@11438d26]" name="userShouldNavigateToForgotPasswordPageSuccessfully" duration-ms="778" started-at="2022-12-12T11:35:09 GMT" finished-at="2022-12-12T11:35:10 GMT">
          <reporter-output>
            <line>
              <![CDATA[Enter forgot password[[ChromeDriver: chrome on WINDOWS (b774e062a07d091b49be605057803e07)] -> xpath: //body/div[@id='app']/div[1]/div[1]/div[1]/div[1]/div[2]/div[2]/form[1]/div[4]/p[1]]]]>
            </line>
          </reporter-output>
        </test-method> <!-- userShouldNavigateToForgotPasswordPageSuccessfully -->
        <test-method status="PASS" signature="tearDown()[pri:0, instance:com.orangehrmlive.sw.testsuite.LoginPageTest@11438d26]" name="tearDown" is-config="true" duration-ms="754" started-at="2022-12-12T11:35:10 GMT" finished-at="2022-12-12T11:35:11 GMT">
          <reporter-output>
          </reporter-output>
        </test-method> <!-- tearDown -->
      </class> <!-- com.orangehrmlive.sw.testsuite.LoginPageTest -->
    </test> <!-- week-15-project-2-orangehrmlive-kishan -->
  </suite> <!-- Default Suite -->
</testng-results>
