<?xml version="1.0" encoding="UTF-8"?>
<!-- Generated by org.testng.reporters.JUnitXMLReporter -->
<testsuite hostname="KISHAN" ignored="0" name="Sanity Test" tests="2" failures="1" timestamp="2022-12-12T10:00:09 GMT" time="8.62" errors="0">
  <testcase name="userSholdLoginSuccessfullyWithValidCredentials" time="0.401" classname="com.orangehrmlive.sw.testsuite.LoginPageTest"/>
  <testcase name="userShouldNavigateToForgotPasswordPageSuccessfully" time="0.719" classname="com.orangehrmlive.sw.testsuite.LoginPageTest">
    <failure type="java.lang.ClassCastException" message="com.sun.proxy.$Proxy16 cannot be cast to org.openqa.selenium.By">
      <![CDATA[java.lang.ClassCastException: com.sun.proxy.$Proxy16 cannot be cast to org.openqa.selenium.By
at com.orangehrmlive.sw.pages.ForgotPasswordPage.verifyTextMessage(ForgotPasswordPage.java:34)
at com.orangehrmlive.sw.testsuite.LoginPageTest.userShouldNavigateToForgotPasswordPageSuccessfully(LoginPageTest.java:34)
at java.util.ArrayList.forEach(ArrayList.java:1249)
at com.intellij.rt.testng.IDEARemoteTestNG.run(IDEARemoteTestNG.java:66)
at com.intellij.rt.testng.RemoteTestNGStarter.main(RemoteTestNGStarter.java:109)
... Removed 24 stack frames]]>
    </failure>
  </testcase> <!-- userShouldNavigateToForgotPasswordPageSuccessfully -->
</testsuite> <!-- Sanity Test -->
